<?xml version="1.0" encoding="UTF-8"?>
<testsuite xmlns:xsi="http://www.w3.org/2001/XMLSchema-instance" xsi:noNamespaceSchemaLocation="https://maven.apache.org/surefire/maven-surefire-plugin/xsd/surefire-test-report.xsd" name="test.controller.EnderecoControllerTest" time="0.003" tests="24" errors="24" skipped="0" failures="0">
  <properties>
    <property name="sun.desktop" value="windows"/>
    <property name="awt.toolkit" value="sun.awt.windows.WToolkit"/>
    <property name="java.specification.version" value="11"/>
    <property name="sun.cpu.isalist" value="amd64"/>
    <property name="sun.jnu.encoding" value="Cp1252"/>
    <property name="java.class.path" value="D:\goku\target\test-classes;D:\goku\target\classes;C:\Users\Paulo\.m2\repository\org\springframework\boot\spring-boot-starter-data-mongodb\2.4.0\spring-boot-starter-data-mongodb-2.4.0.jar;C:\Users\Paulo\.m2\repository\org\springframework\boot\spring-boot-starter\2.4.0\spring-boot-starter-2.4.0.jar;C:\Users\Paulo\.m2\repository\org\springframework\boot\spring-boot-starter-logging\2.4.0\spring-boot-starter-logging-2.4.0.jar;C:\Users\Paulo\.m2\repository\ch\qos\logback\logback-classic\1.2.3\logback-classic-1.2.3.jar;C:\Users\Paulo\.m2\repository\ch\qos\logback\logback-core\1.2.3\logback-core-1.2.3.jar;C:\Users\Paulo\.m2\repository\org\apache\logging\log4j\log4j-to-slf4j\2.13.3\log4j-to-slf4j-2.13.3.jar;C:\Users\Paulo\.m2\repository\org\apache\logging\log4j\log4j-api\2.13.3\log4j-api-2.13.3.jar;C:\Users\Paulo\.m2\repository\org\slf4j\jul-to-slf4j\1.7.30\jul-to-slf4j-1.7.30.jar;C:\Users\Paulo\.m2\repository\jakarta\annotation\jakarta.annotation-api\1.3.5\jakarta.annotation-api-1.3.5.jar;C:\Users\Paulo\.m2\repository\org\yaml\snakeyaml\1.27\snakeyaml-1.27.jar;C:\Users\Paulo\.m2\repository\org\mongodb\mongodb-driver-sync\4.1.1\mongodb-driver-sync-4.1.1.jar;C:\Users\Paulo\.m2\repository\org\mongodb\bson\4.1.1\bson-4.1.1.jar;C:\Users\Paulo\.m2\repository\org\mongodb\mongodb-driver-core\4.1.1\mongodb-driver-core-4.1.1.jar;C:\Users\Paulo\.m2\repository\org\springframework\data\spring-data-mongodb\3.1.1\spring-data-mongodb-3.1.1.jar;C:\Users\Paulo\.m2\repository\org\springframework\spring-tx\5.3.1\spring-tx-5.3.1.jar;C:\Users\Paulo\.m2\repository\org\springframework\spring-context\5.3.1\spring-context-5.3.1.jar;C:\Users\Paulo\.m2\repository\org\springframework\spring-beans\5.3.1\spring-beans-5.3.1.jar;C:\Users\Paulo\.m2\repository\org\springframework\spring-expression\5.3.1\spring-expression-5.3.1.jar;C:\Users\Paulo\.m2\repository\org\springframework\data\spring-data-commons\2.4.1\spring-data-commons-2.4.1.jar;C:\Users\Paulo\.m2\repository\org\springframework\boot\spring-boot-starter-data-jpa\2.4.0\spring-boot-starter-data-jpa-2.4.0.jar;C:\Users\Paulo\.m2\repository\org\springframework\boot\spring-boot-starter-aop\2.4.0\spring-boot-starter-aop-2.4.0.jar;C:\Users\Paulo\.m2\repository\org\springframework\spring-aop\5.3.1\spring-aop-5.3.1.jar;C:\Users\Paulo\.m2\repository\org\aspectj\aspectjweaver\1.9.6\aspectjweaver-1.9.6.jar;C:\Users\Paulo\.m2\repository\org\springframework\boot\spring-boot-starter-jdbc\2.4.0\spring-boot-starter-jdbc-2.4.0.jar;C:\Users\Paulo\.m2\repository\com\zaxxer\HikariCP\3.4.5\HikariCP-3.4.5.jar;C:\Users\Paulo\.m2\repository\org\springframework\spring-jdbc\5.3.1\spring-jdbc-5.3.1.jar;C:\Users\Paulo\.m2\repository\jakarta\transaction\jakarta.transaction-api\1.3.3\jakarta.transaction-api-1.3.3.jar;C:\Users\Paulo\.m2\repository\jakarta\persistence\jakarta.persistence-api\2.2.3\jakarta.persistence-api-2.2.3.jar;C:\Users\Paulo\.m2\repository\org\hibernate\hibernate-core\5.4.23.Final\hibernate-core-5.4.23.Final.jar;C:\Users\Paulo\.m2\repository\org\jboss\logging\jboss-logging\3.4.1.Final\jboss-logging-3.4.1.Final.jar;C:\Users\Paulo\.m2\repository\org\javassist\javassist\3.24.0-GA\javassist-3.24.0-GA.jar;C:\Users\Paulo\.m2\repository\net\bytebuddy\byte-buddy\1.10.18\byte-buddy-1.10.18.jar;C:\Users\Paulo\.m2\repository\antlr\antlr\2.7.7\antlr-2.7.7.jar;C:\Users\Paulo\.m2\repository\org\jboss\jandex\2.1.3.Final\jandex-2.1.3.Final.jar;C:\Users\Paulo\.m2\repository\org\dom4j\dom4j\2.1.3\dom4j-2.1.3.jar;C:\Users\Paulo\.m2\repository\org\hibernate\common\hibernate-commons-annotations\5.1.2.Final\hibernate-commons-annotations-5.1.2.Final.jar;C:\Users\Paulo\.m2\repository\org\glassfish\jaxb\jaxb-runtime\2.3.3\jaxb-runtime-2.3.3.jar;C:\Users\Paulo\.m2\repository\org\glassfish\jaxb\txw2\2.3.3\txw2-2.3.3.jar;C:\Users\Paulo\.m2\repository\com\sun\istack\istack-commons-runtime\3.0.11\istack-commons-runtime-3.0.11.jar;C:\Users\Paulo\.m2\repository\com\sun\activation\jakarta.activation\1.2.2\jakarta.activation-1.2.2.jar;C:\Users\Paulo\.m2\repository\org\springframework\data\spring-data-jpa\2.4.1\spring-data-jpa-2.4.1.jar;C:\Users\Paulo\.m2\repository\org\springframework\spring-orm\5.3.1\spring-orm-5.3.1.jar;C:\Users\Paulo\.m2\repository\org\springframework\spring-aspects\5.3.1\spring-aspects-5.3.1.jar;C:\Users\Paulo\.m2\repository\org\springframework\boot\spring-boot-starter-data-rest\2.4.0\spring-boot-starter-data-rest-2.4.0.jar;C:\Users\Paulo\.m2\repository\org\springframework\boot\spring-boot-starter-web\2.4.0\spring-boot-starter-web-2.4.0.jar;C:\Users\Paulo\.m2\repository\org\springframework\boot\spring-boot-starter-tomcat\2.4.0\spring-boot-starter-tomcat-2.4.0.jar;C:\Users\Paulo\.m2\repository\org\apache\tomcat\embed\tomcat-embed-core\9.0.39\tomcat-embed-core-9.0.39.jar;C:\Users\Paulo\.m2\repository\org\glassfish\jakarta.el\3.0.3\jakarta.el-3.0.3.jar;C:\Users\Paulo\.m2\repository\org\apache\tomcat\embed\tomcat-embed-websocket\9.0.39\tomcat-embed-websocket-9.0.39.jar;C:\Users\Paulo\.m2\repository\org\springframework\spring-webmvc\5.3.1\spring-webmvc-5.3.1.jar;C:\Users\Paulo\.m2\repository\org\springframework\data\spring-data-rest-webmvc\3.4.1\spring-data-rest-webmvc-3.4.1.jar;C:\Users\Paulo\.m2\repository\org\springframework\data\spring-data-rest-core\3.4.1\spring-data-rest-core-3.4.1.jar;C:\Users\Paulo\.m2\repository\org\springframework\hateoas\spring-hateoas\1.2.1\spring-hateoas-1.2.1.jar;C:\Users\Paulo\.m2\repository\org\atteo\evo-inflector\1.2.2\evo-inflector-1.2.2.jar;C:\Users\Paulo\.m2\repository\com\fasterxml\jackson\core\jackson-databind\2.11.3\jackson-databind-2.11.3.jar;C:\Users\Paulo\.m2\repository\com\fasterxml\jackson\core\jackson-core\2.11.3\jackson-core-2.11.3.jar;C:\Users\Paulo\.m2\repository\com\fasterxml\jackson\core\jackson-annotations\2.11.3\jackson-annotations-2.11.3.jar;C:\Users\Paulo\.m2\repository\org\springframework\boot\spring-boot-starter-webflux\2.4.0\spring-boot-starter-webflux-2.4.0.jar;C:\Users\Paulo\.m2\repository\org\springframework\boot\spring-boot-starter-json\2.4.0\spring-boot-starter-json-2.4.0.jar;C:\Users\Paulo\.m2\repository\com\fasterxml\jackson\datatype\jackson-datatype-jdk8\2.11.3\jackson-datatype-jdk8-2.11.3.jar;C:\Users\Paulo\.m2\repository\com\fasterxml\jackson\datatype\jackson-datatype-jsr310\2.11.3\jackson-datatype-jsr310-2.11.3.jar;C:\Users\Paulo\.m2\repository\com\fasterxml\jackson\module\jackson-module-parameter-names\2.11.3\jackson-module-parameter-names-2.11.3.jar;C:\Users\Paulo\.m2\repository\org\springframework\boot\spring-boot-starter-reactor-netty\2.4.0\spring-boot-starter-reactor-netty-2.4.0.jar;C:\Users\Paulo\.m2\repository\io\projectreactor\netty\reactor-netty-http\1.0.1\reactor-netty-http-1.0.1.jar;C:\Users\Paulo\.m2\repository\io\netty\netty-codec-http\4.1.54.Final\netty-codec-http-4.1.54.Final.jar;C:\Users\Paulo\.m2\repository\io\netty\netty-common\4.1.54.Final\netty-common-4.1.54.Final.jar;C:\Users\Paulo\.m2\repository\io\netty\netty-buffer\4.1.54.Final\netty-buffer-4.1.54.Final.jar;C:\Users\Paulo\.m2\repository\io\netty\netty-transport\4.1.54.Final\netty-transport-4.1.54.Final.jar;C:\Users\Paulo\.m2\repository\io\netty\netty-codec\4.1.54.Final\netty-codec-4.1.54.Final.jar;C:\Users\Paulo\.m2\repository\io\netty\netty-handler\4.1.54.Final\netty-handler-4.1.54.Final.jar;C:\Users\Paulo\.m2\repository\io\netty\netty-codec-http2\4.1.54.Final\netty-codec-http2-4.1.54.Final.jar;C:\Users\Paulo\.m2\repository\io\netty\netty-resolver-dns\4.1.54.Final\netty-resolver-dns-4.1.54.Final.jar;C:\Users\Paulo\.m2\repository\io\netty\netty-resolver\4.1.54.Final\netty-resolver-4.1.54.Final.jar;C:\Users\Paulo\.m2\repository\io\netty\netty-codec-dns\4.1.54.Final\netty-codec-dns-4.1.54.Final.jar;C:\Users\Paulo\.m2\repository\io\netty\netty-transport-native-epoll\4.1.54.Final\netty-transport-native-epoll-4.1.54.Final-linux-x86_64.jar;C:\Users\Paulo\.m2\repository\io\netty\netty-transport-native-unix-common\4.1.54.Final\netty-transport-native-unix-common-4.1.54.Final.jar;C:\Users\Paulo\.m2\repository\io\projectreactor\netty\reactor-netty-core\1.0.1\reactor-netty-core-1.0.1.jar;C:\Users\Paulo\.m2\repository\io\netty\netty-handler-proxy\4.1.54.Final\netty-handler-proxy-4.1.54.Final.jar;C:\Users\Paulo\.m2\repository\io\netty\netty-codec-socks\4.1.54.Final\netty-codec-socks-4.1.54.Final.jar;C:\Users\Paulo\.m2\repository\org\springframework\spring-web\5.3.1\spring-web-5.3.1.jar;C:\Users\Paulo\.m2\repository\org\springframework\spring-webflux\5.3.1\spring-webflux-5.3.1.jar;C:\Users\Paulo\.m2\repository\org\springframework\boot\spring-boot-devtools\2.4.0\spring-boot-devtools-2.4.0.jar;C:\Users\Paulo\.m2\repository\org\springframework\boot\spring-boot\2.4.0\spring-boot-2.4.0.jar;C:\Users\Paulo\.m2\repository\org\springframework\boot\spring-boot-autoconfigure\2.4.0\spring-boot-autoconfigure-2.4.0.jar;C:\Users\Paulo\.m2\repository\org\projectlombok\lombok\1.18.16\lombok-1.18.16.jar;C:\Users\Paulo\.m2\repository\org\springframework\boot\spring-boot-starter-test\2.4.0\spring-boot-starter-test-2.4.0.jar;C:\Users\Paulo\.m2\repository\org\springframework\boot\spring-boot-test\2.4.0\spring-boot-test-2.4.0.jar;C:\Users\Paulo\.m2\repository\org\springframework\boot\spring-boot-test-autoconfigure\2.4.0\spring-boot-test-autoconfigure-2.4.0.jar;C:\Users\Paulo\.m2\repository\com\jayway\jsonpath\json-path\2.4.0\json-path-2.4.0.jar;C:\Users\Paulo\.m2\repository\net\minidev\json-smart\2.3\json-smart-2.3.jar;C:\Users\Paulo\.m2\repository\net\minidev\accessors-smart\1.2\accessors-smart-1.2.jar;C:\Users\Paulo\.m2\repository\org\ow2\asm\asm\5.0.4\asm-5.0.4.jar;C:\Users\Paulo\.m2\repository\jakarta\xml\bind\jakarta.xml.bind-api\2.3.3\jakarta.xml.bind-api-2.3.3.jar;C:\Users\Paulo\.m2\repository\jakarta\activation\jakarta.activation-api\1.2.2\jakarta.activation-api-1.2.2.jar;C:\Users\Paulo\.m2\repository\org\assertj\assertj-core\3.18.1\assertj-core-3.18.1.jar;C:\Users\Paulo\.m2\repository\org\hamcrest\hamcrest\2.2\hamcrest-2.2.jar;C:\Users\Paulo\.m2\repository\org\junit\jupiter\junit-jupiter\5.7.0\junit-jupiter-5.7.0.jar;C:\Users\Paulo\.m2\repository\org\junit\jupiter\junit-jupiter-api\5.7.0\junit-jupiter-api-5.7.0.jar;C:\Users\Paulo\.m2\repository\org\apiguardian\apiguardian-api\1.1.0\apiguardian-api-1.1.0.jar;C:\Users\Paulo\.m2\repository\org\opentest4j\opentest4j\1.2.0\opentest4j-1.2.0.jar;C:\Users\Paulo\.m2\repository\org\junit\platform\junit-platform-commons\1.7.0\junit-platform-commons-1.7.0.jar;C:\Users\Paulo\.m2\repository\org\junit\jupiter\junit-jupiter-params\5.7.0\junit-jupiter-params-5.7.0.jar;C:\Users\Paulo\.m2\repository\org\junit\jupiter\junit-jupiter-engine\5.7.0\junit-jupiter-engine-5.7.0.jar;C:\Users\Paulo\.m2\repository\org\junit\platform\junit-platform-engine\1.7.0\junit-platform-engine-1.7.0.jar;C:\Users\Paulo\.m2\repository\org\mockito\mockito-core\3.6.0\mockito-core-3.6.0.jar;C:\Users\Paulo\.m2\repository\net\bytebuddy\byte-buddy-agent\1.10.18\byte-buddy-agent-1.10.18.jar;C:\Users\Paulo\.m2\repository\org\objenesis\objenesis\3.1\objenesis-3.1.jar;C:\Users\Paulo\.m2\repository\org\mockito\mockito-junit-jupiter\3.6.0\mockito-junit-jupiter-3.6.0.jar;C:\Users\Paulo\.m2\repository\org\skyscreamer\jsonassert\1.5.0\jsonassert-1.5.0.jar;C:\Users\Paulo\.m2\repository\com\vaadin\external\google\android-json\0.0.20131108.vaadin1\android-json-0.0.20131108.vaadin1.jar;C:\Users\Paulo\.m2\repository\org\springframework\spring-core\5.3.1\spring-core-5.3.1.jar;C:\Users\Paulo\.m2\repository\org\springframework\spring-jcl\5.3.1\spring-jcl-5.3.1.jar;C:\Users\Paulo\.m2\repository\org\springframework\spring-test\5.3.1\spring-test-5.3.1.jar;C:\Users\Paulo\.m2\repository\org\xmlunit\xmlunit-core\2.7.0\xmlunit-core-2.7.0.jar;C:\Users\Paulo\.m2\repository\io\projectreactor\reactor-test\3.4.0\reactor-test-3.4.0.jar;C:\Users\Paulo\.m2\repository\io\projectreactor\reactor-core\3.4.0\reactor-core-3.4.0.jar;C:\Users\Paulo\.m2\repository\org\reactivestreams\reactive-streams\1.0.3\reactive-streams-1.0.3.jar;C:\Users\Paulo\.m2\repository\io\springfox\springfox-swagger-ui\3.0.0-SNAPSHOT\springfox-swagger-ui-3.0.0-SNAPSHOT.jar;C:\Users\Paulo\.m2\repository\io\springfox\springfox-spring-webmvc\3.0.0-SNAPSHOT\springfox-spring-webmvc-3.0.0-SNAPSHOT.jar;C:\Users\Paulo\.m2\repository\io\springfox\springfox-core\3.0.0-SNAPSHOT\springfox-core-3.0.0-SNAPSHOT.jar;C:\Users\Paulo\.m2\repository\io\springfox\springfox-swagger2\3.0.0-SNAPSHOT\springfox-swagger2-3.0.0-SNAPSHOT.jar;C:\Users\Paulo\.m2\repository\io\springfox\springfox-spi\3.0.0-SNAPSHOT\springfox-spi-3.0.0-SNAPSHOT.jar;C:\Users\Paulo\.m2\repository\io\springfox\springfox-schema\3.0.0-SNAPSHOT\springfox-schema-3.0.0-SNAPSHOT.jar;C:\Users\Paulo\.m2\repository\io\springfox\springfox-swagger-common\3.0.0-SNAPSHOT\springfox-swagger-common-3.0.0-SNAPSHOT.jar;C:\Users\Paulo\.m2\repository\io\swagger\core\v3\swagger-annotations\2.1.2\swagger-annotations-2.1.2.jar;C:\Users\Paulo\.m2\repository\io\springfox\springfox-spring-web\3.0.0-SNAPSHOT\springfox-spring-web-3.0.0-SNAPSHOT.jar;C:\Users\Paulo\.m2\repository\io\github\classgraph\classgraph\4.8.83\classgraph-4.8.83.jar;C:\Users\Paulo\.m2\repository\io\springfox\springfox-spring-webflux\3.0.0-SNAPSHOT\springfox-spring-webflux-3.0.0-SNAPSHOT.jar;C:\Users\Paulo\.m2\repository\com\fasterxml\classmate\1.5.1\classmate-1.5.1.jar;C:\Users\Paulo\.m2\repository\org\slf4j\slf4j-api\1.7.30\slf4j-api-1.7.30.jar;C:\Users\Paulo\.m2\repository\org\springframework\plugin\spring-plugin-core\2.0.0.RELEASE\spring-plugin-core-2.0.0.RELEASE.jar;C:\Users\Paulo\.m2\repository\org\springframework\plugin\spring-plugin-metadata\2.0.0.RELEASE\spring-plugin-metadata-2.0.0.RELEASE.jar;C:\Users\Paulo\.m2\repository\io\swagger\swagger-annotations\1.5.20\swagger-annotations-1.5.20.jar;C:\Users\Paulo\.m2\repository\io\swagger\swagger-models\1.5.20\swagger-models-1.5.20.jar;C:\Users\Paulo\.m2\repository\org\mapstruct\mapstruct\1.3.1.Final\mapstruct-1.3.1.Final.jar;C:\Users\Paulo\.m2\repository\javax\validation\validation-api\1.1.0.Final\validation-api-1.1.0.Final.jar;C:\Users\Paulo\.m2\repository\org\apache\commons\commons-lang3\3.11\commons-lang3-3.11.jar;C:\Users\Paulo\.m2\repository\junit\junit\4.13.1\junit-4.13.1.jar;C:\Users\Paulo\.m2\repository\org\hamcrest\hamcrest-core\2.2\hamcrest-core-2.2.jar;"/>
    <property name="java.vm.vendor" value="Oracle Corporation"/>
    <property name="sun.arch.data.model" value="64"/>
    <property name="user.variant" value=""/>
    <property name="java.vendor.url" value="https://openjdk.java.net/"/>
    <property name="user.timezone" value="America/Sao_Paulo"/>
    <property name="java.vm.specification.version" value="11"/>
    <property name="os.name" value="Windows 10"/>
    <property name="sun.java.launcher" value="SUN_STANDARD"/>
    <property name="user.country" value="BR"/>
    <property name="sun.boot.library.path" value="C:\Program Files\Java\jdk-11.0.8\bin"/>
    <property name="sun.java.command" value="C:\Users\Paulo\AppData\Local\Temp\surefire7663971357943852338\surefirebooter12256965789641231842.jar C:\Users\Paulo\AppData\Local\Temp\surefire7663971357943852338 2020-11-19T20-14-05_834-jvmRun1 surefire7776536503883918132tmp surefire_0208679184487819532tmp"/>
    <property name="jdk.debug" value="release"/>
    <property name="surefire.test.class.path" value="D:\goku\target\test-classes;D:\goku\target\classes;C:\Users\Paulo\.m2\repository\org\springframework\boot\spring-boot-starter-data-mongodb\2.4.0\spring-boot-starter-data-mongodb-2.4.0.jar;C:\Users\Paulo\.m2\repository\org\springframework\boot\spring-boot-starter\2.4.0\spring-boot-starter-2.4.0.jar;C:\Users\Paulo\.m2\repository\org\springframework\boot\spring-boot-starter-logging\2.4.0\spring-boot-starter-logging-2.4.0.jar;C:\Users\Paulo\.m2\repository\ch\qos\logback\logback-classic\1.2.3\logback-classic-1.2.3.jar;C:\Users\Paulo\.m2\repository\ch\qos\logback\logback-core\1.2.3\logback-core-1.2.3.jar;C:\Users\Paulo\.m2\repository\org\apache\logging\log4j\log4j-to-slf4j\2.13.3\log4j-to-slf4j-2.13.3.jar;C:\Users\Paulo\.m2\repository\org\apache\logging\log4j\log4j-api\2.13.3\log4j-api-2.13.3.jar;C:\Users\Paulo\.m2\repository\org\slf4j\jul-to-slf4j\1.7.30\jul-to-slf4j-1.7.30.jar;C:\Users\Paulo\.m2\repository\jakarta\annotation\jakarta.annotation-api\1.3.5\jakarta.annotation-api-1.3.5.jar;C:\Users\Paulo\.m2\repository\org\yaml\snakeyaml\1.27\snakeyaml-1.27.jar;C:\Users\Paulo\.m2\repository\org\mongodb\mongodb-driver-sync\4.1.1\mongodb-driver-sync-4.1.1.jar;C:\Users\Paulo\.m2\repository\org\mongodb\bson\4.1.1\bson-4.1.1.jar;C:\Users\Paulo\.m2\repository\org\mongodb\mongodb-driver-core\4.1.1\mongodb-driver-core-4.1.1.jar;C:\Users\Paulo\.m2\repository\org\springframework\data\spring-data-mongodb\3.1.1\spring-data-mongodb-3.1.1.jar;C:\Users\Paulo\.m2\repository\org\springframework\spring-tx\5.3.1\spring-tx-5.3.1.jar;C:\Users\Paulo\.m2\repository\org\springframework\spring-context\5.3.1\spring-context-5.3.1.jar;C:\Users\Paulo\.m2\repository\org\springframework\spring-beans\5.3.1\spring-beans-5.3.1.jar;C:\Users\Paulo\.m2\repository\org\springframework\spring-expression\5.3.1\spring-expression-5.3.1.jar;C:\Users\Paulo\.m2\repository\org\springframework\data\spring-data-commons\2.4.1\spring-data-commons-2.4.1.jar;C:\Users\Paulo\.m2\repository\org\springframework\boot\spring-boot-starter-data-jpa\2.4.0\spring-boot-starter-data-jpa-2.4.0.jar;C:\Users\Paulo\.m2\repository\org\springframework\boot\spring-boot-starter-aop\2.4.0\spring-boot-starter-aop-2.4.0.jar;C:\Users\Paulo\.m2\repository\org\springframework\spring-aop\5.3.1\spring-aop-5.3.1.jar;C:\Users\Paulo\.m2\repository\org\aspectj\aspectjweaver\1.9.6\aspectjweaver-1.9.6.jar;C:\Users\Paulo\.m2\repository\org\springframework\boot\spring-boot-starter-jdbc\2.4.0\spring-boot-starter-jdbc-2.4.0.jar;C:\Users\Paulo\.m2\repository\com\zaxxer\HikariCP\3.4.5\HikariCP-3.4.5.jar;C:\Users\Paulo\.m2\repository\org\springframework\spring-jdbc\5.3.1\spring-jdbc-5.3.1.jar;C:\Users\Paulo\.m2\repository\jakarta\transaction\jakarta.transaction-api\1.3.3\jakarta.transaction-api-1.3.3.jar;C:\Users\Paulo\.m2\repository\jakarta\persistence\jakarta.persistence-api\2.2.3\jakarta.persistence-api-2.2.3.jar;C:\Users\Paulo\.m2\repository\org\hibernate\hibernate-core\5.4.23.Final\hibernate-core-5.4.23.Final.jar;C:\Users\Paulo\.m2\repository\org\jboss\logging\jboss-logging\3.4.1.Final\jboss-logging-3.4.1.Final.jar;C:\Users\Paulo\.m2\repository\org\javassist\javassist\3.24.0-GA\javassist-3.24.0-GA.jar;C:\Users\Paulo\.m2\repository\net\bytebuddy\byte-buddy\1.10.18\byte-buddy-1.10.18.jar;C:\Users\Paulo\.m2\repository\antlr\antlr\2.7.7\antlr-2.7.7.jar;C:\Users\Paulo\.m2\repository\org\jboss\jandex\2.1.3.Final\jandex-2.1.3.Final.jar;C:\Users\Paulo\.m2\repository\org\dom4j\dom4j\2.1.3\dom4j-2.1.3.jar;C:\Users\Paulo\.m2\repository\org\hibernate\common\hibernate-commons-annotations\5.1.2.Final\hibernate-commons-annotations-5.1.2.Final.jar;C:\Users\Paulo\.m2\repository\org\glassfish\jaxb\jaxb-runtime\2.3.3\jaxb-runtime-2.3.3.jar;C:\Users\Paulo\.m2\repository\org\glassfish\jaxb\txw2\2.3.3\txw2-2.3.3.jar;C:\Users\Paulo\.m2\repository\com\sun\istack\istack-commons-runtime\3.0.11\istack-commons-runtime-3.0.11.jar;C:\Users\Paulo\.m2\repository\com\sun\activation\jakarta.activation\1.2.2\jakarta.activation-1.2.2.jar;C:\Users\Paulo\.m2\repository\org\springframework\data\spring-data-jpa\2.4.1\spring-data-jpa-2.4.1.jar;C:\Users\Paulo\.m2\repository\org\springframework\spring-orm\5.3.1\spring-orm-5.3.1.jar;C:\Users\Paulo\.m2\repository\org\springframework\spring-aspects\5.3.1\spring-aspects-5.3.1.jar;C:\Users\Paulo\.m2\repository\org\springframework\boot\spring-boot-starter-data-rest\2.4.0\spring-boot-starter-data-rest-2.4.0.jar;C:\Users\Paulo\.m2\repository\org\springframework\boot\spring-boot-starter-web\2.4.0\spring-boot-starter-web-2.4.0.jar;C:\Users\Paulo\.m2\repository\org\springframework\boot\spring-boot-starter-tomcat\2.4.0\spring-boot-starter-tomcat-2.4.0.jar;C:\Users\Paulo\.m2\repository\org\apache\tomcat\embed\tomcat-embed-core\9.0.39\tomcat-embed-core-9.0.39.jar;C:\Users\Paulo\.m2\repository\org\glassfish\jakarta.el\3.0.3\jakarta.el-3.0.3.jar;C:\Users\Paulo\.m2\repository\org\apache\tomcat\embed\tomcat-embed-websocket\9.0.39\tomcat-embed-websocket-9.0.39.jar;C:\Users\Paulo\.m2\repository\org\springframework\spring-webmvc\5.3.1\spring-webmvc-5.3.1.jar;C:\Users\Paulo\.m2\repository\org\springframework\data\spring-data-rest-webmvc\3.4.1\spring-data-rest-webmvc-3.4.1.jar;C:\Users\Paulo\.m2\repository\org\springframework\data\spring-data-rest-core\3.4.1\spring-data-rest-core-3.4.1.jar;C:\Users\Paulo\.m2\repository\org\springframework\hateoas\spring-hateoas\1.2.1\spring-hateoas-1.2.1.jar;C:\Users\Paulo\.m2\repository\org\atteo\evo-inflector\1.2.2\evo-inflector-1.2.2.jar;C:\Users\Paulo\.m2\repository\com\fasterxml\jackson\core\jackson-databind\2.11.3\jackson-databind-2.11.3.jar;C:\Users\Paulo\.m2\repository\com\fasterxml\jackson\core\jackson-core\2.11.3\jackson-core-2.11.3.jar;C:\Users\Paulo\.m2\repository\com\fasterxml\jackson\core\jackson-annotations\2.11.3\jackson-annotations-2.11.3.jar;C:\Users\Paulo\.m2\repository\org\springframework\boot\spring-boot-starter-webflux\2.4.0\spring-boot-starter-webflux-2.4.0.jar;C:\Users\Paulo\.m2\repository\org\springframework\boot\spring-boot-starter-json\2.4.0\spring-boot-starter-json-2.4.0.jar;C:\Users\Paulo\.m2\repository\com\fasterxml\jackson\datatype\jackson-datatype-jdk8\2.11.3\jackson-datatype-jdk8-2.11.3.jar;C:\Users\Paulo\.m2\repository\com\fasterxml\jackson\datatype\jackson-datatype-jsr310\2.11.3\jackson-datatype-jsr310-2.11.3.jar;C:\Users\Paulo\.m2\repository\com\fasterxml\jackson\module\jackson-module-parameter-names\2.11.3\jackson-module-parameter-names-2.11.3.jar;C:\Users\Paulo\.m2\repository\org\springframework\boot\spring-boot-starter-reactor-netty\2.4.0\spring-boot-starter-reactor-netty-2.4.0.jar;C:\Users\Paulo\.m2\repository\io\projectreactor\netty\reactor-netty-http\1.0.1\reactor-netty-http-1.0.1.jar;C:\Users\Paulo\.m2\repository\io\netty\netty-codec-http\4.1.54.Final\netty-codec-http-4.1.54.Final.jar;C:\Users\Paulo\.m2\repository\io\netty\netty-common\4.1.54.Final\netty-common-4.1.54.Final.jar;C:\Users\Paulo\.m2\repository\io\netty\netty-buffer\4.1.54.Final\netty-buffer-4.1.54.Final.jar;C:\Users\Paulo\.m2\repository\io\netty\netty-transport\4.1.54.Final\netty-transport-4.1.54.Final.jar;C:\Users\Paulo\.m2\repository\io\netty\netty-codec\4.1.54.Final\netty-codec-4.1.54.Final.jar;C:\Users\Paulo\.m2\repository\io\netty\netty-handler\4.1.54.Final\netty-handler-4.1.54.Final.jar;C:\Users\Paulo\.m2\repository\io\netty\netty-codec-http2\4.1.54.Final\netty-codec-http2-4.1.54.Final.jar;C:\Users\Paulo\.m2\repository\io\netty\netty-resolver-dns\4.1.54.Final\netty-resolver-dns-4.1.54.Final.jar;C:\Users\Paulo\.m2\repository\io\netty\netty-resolver\4.1.54.Final\netty-resolver-4.1.54.Final.jar;C:\Users\Paulo\.m2\repository\io\netty\netty-codec-dns\4.1.54.Final\netty-codec-dns-4.1.54.Final.jar;C:\Users\Paulo\.m2\repository\io\netty\netty-transport-native-epoll\4.1.54.Final\netty-transport-native-epoll-4.1.54.Final-linux-x86_64.jar;C:\Users\Paulo\.m2\repository\io\netty\netty-transport-native-unix-common\4.1.54.Final\netty-transport-native-unix-common-4.1.54.Final.jar;C:\Users\Paulo\.m2\repository\io\projectreactor\netty\reactor-netty-core\1.0.1\reactor-netty-core-1.0.1.jar;C:\Users\Paulo\.m2\repository\io\netty\netty-handler-proxy\4.1.54.Final\netty-handler-proxy-4.1.54.Final.jar;C:\Users\Paulo\.m2\repository\io\netty\netty-codec-socks\4.1.54.Final\netty-codec-socks-4.1.54.Final.jar;C:\Users\Paulo\.m2\repository\org\springframework\spring-web\5.3.1\spring-web-5.3.1.jar;C:\Users\Paulo\.m2\repository\org\springframework\spring-webflux\5.3.1\spring-webflux-5.3.1.jar;C:\Users\Paulo\.m2\repository\org\springframework\boot\spring-boot-devtools\2.4.0\spring-boot-devtools-2.4.0.jar;C:\Users\Paulo\.m2\repository\org\springframework\boot\spring-boot\2.4.0\spring-boot-2.4.0.jar;C:\Users\Paulo\.m2\repository\org\springframework\boot\spring-boot-autoconfigure\2.4.0\spring-boot-autoconfigure-2.4.0.jar;C:\Users\Paulo\.m2\repository\org\projectlombok\lombok\1.18.16\lombok-1.18.16.jar;C:\Users\Paulo\.m2\repository\org\springframework\boot\spring-boot-starter-test\2.4.0\spring-boot-starter-test-2.4.0.jar;C:\Users\Paulo\.m2\repository\org\springframework\boot\spring-boot-test\2.4.0\spring-boot-test-2.4.0.jar;C:\Users\Paulo\.m2\repository\org\springframework\boot\spring-boot-test-autoconfigure\2.4.0\spring-boot-test-autoconfigure-2.4.0.jar;C:\Users\Paulo\.m2\repository\com\jayway\jsonpath\json-path\2.4.0\json-path-2.4.0.jar;C:\Users\Paulo\.m2\repository\net\minidev\json-smart\2.3\json-smart-2.3.jar;C:\Users\Paulo\.m2\repository\net\minidev\accessors-smart\1.2\accessors-smart-1.2.jar;C:\Users\Paulo\.m2\repository\org\ow2\asm\asm\5.0.4\asm-5.0.4.jar;C:\Users\Paulo\.m2\repository\jakarta\xml\bind\jakarta.xml.bind-api\2.3.3\jakarta.xml.bind-api-2.3.3.jar;C:\Users\Paulo\.m2\repository\jakarta\activation\jakarta.activation-api\1.2.2\jakarta.activation-api-1.2.2.jar;C:\Users\Paulo\.m2\repository\org\assertj\assertj-core\3.18.1\assertj-core-3.18.1.jar;C:\Users\Paulo\.m2\repository\org\hamcrest\hamcrest\2.2\hamcrest-2.2.jar;C:\Users\Paulo\.m2\repository\org\junit\jupiter\junit-jupiter\5.7.0\junit-jupiter-5.7.0.jar;C:\Users\Paulo\.m2\repository\org\junit\jupiter\junit-jupiter-api\5.7.0\junit-jupiter-api-5.7.0.jar;C:\Users\Paulo\.m2\repository\org\apiguardian\apiguardian-api\1.1.0\apiguardian-api-1.1.0.jar;C:\Users\Paulo\.m2\repository\org\opentest4j\opentest4j\1.2.0\opentest4j-1.2.0.jar;C:\Users\Paulo\.m2\repository\org\junit\platform\junit-platform-commons\1.7.0\junit-platform-commons-1.7.0.jar;C:\Users\Paulo\.m2\repository\org\junit\jupiter\junit-jupiter-params\5.7.0\junit-jupiter-params-5.7.0.jar;C:\Users\Paulo\.m2\repository\org\junit\jupiter\junit-jupiter-engine\5.7.0\junit-jupiter-engine-5.7.0.jar;C:\Users\Paulo\.m2\repository\org\junit\platform\junit-platform-engine\1.7.0\junit-platform-engine-1.7.0.jar;C:\Users\Paulo\.m2\repository\org\mockito\mockito-core\3.6.0\mockito-core-3.6.0.jar;C:\Users\Paulo\.m2\repository\net\bytebuddy\byte-buddy-agent\1.10.18\byte-buddy-agent-1.10.18.jar;C:\Users\Paulo\.m2\repository\org\objenesis\objenesis\3.1\objenesis-3.1.jar;C:\Users\Paulo\.m2\repository\org\mockito\mockito-junit-jupiter\3.6.0\mockito-junit-jupiter-3.6.0.jar;C:\Users\Paulo\.m2\repository\org\skyscreamer\jsonassert\1.5.0\jsonassert-1.5.0.jar;C:\Users\Paulo\.m2\repository\com\vaadin\external\google\android-json\0.0.20131108.vaadin1\android-json-0.0.20131108.vaadin1.jar;C:\Users\Paulo\.m2\repository\org\springframework\spring-core\5.3.1\spring-core-5.3.1.jar;C:\Users\Paulo\.m2\repository\org\springframework\spring-jcl\5.3.1\spring-jcl-5.3.1.jar;C:\Users\Paulo\.m2\repository\org\springframework\spring-test\5.3.1\spring-test-5.3.1.jar;C:\Users\Paulo\.m2\repository\org\xmlunit\xmlunit-core\2.7.0\xmlunit-core-2.7.0.jar;C:\Users\Paulo\.m2\repository\io\projectreactor\reactor-test\3.4.0\reactor-test-3.4.0.jar;C:\Users\Paulo\.m2\repository\io\projectreactor\reactor-core\3.4.0\reactor-core-3.4.0.jar;C:\Users\Paulo\.m2\repository\org\reactivestreams\reactive-streams\1.0.3\reactive-streams-1.0.3.jar;C:\Users\Paulo\.m2\repository\io\springfox\springfox-swagger-ui\3.0.0-SNAPSHOT\springfox-swagger-ui-3.0.0-SNAPSHOT.jar;C:\Users\Paulo\.m2\repository\io\springfox\springfox-spring-webmvc\3.0.0-SNAPSHOT\springfox-spring-webmvc-3.0.0-SNAPSHOT.jar;C:\Users\Paulo\.m2\repository\io\springfox\springfox-core\3.0.0-SNAPSHOT\springfox-core-3.0.0-SNAPSHOT.jar;C:\Users\Paulo\.m2\repository\io\springfox\springfox-swagger2\3.0.0-SNAPSHOT\springfox-swagger2-3.0.0-SNAPSHOT.jar;C:\Users\Paulo\.m2\repository\io\springfox\springfox-spi\3.0.0-SNAPSHOT\springfox-spi-3.0.0-SNAPSHOT.jar;C:\Users\Paulo\.m2\repository\io\springfox\springfox-schema\3.0.0-SNAPSHOT\springfox-schema-3.0.0-SNAPSHOT.jar;C:\Users\Paulo\.m2\repository\io\springfox\springfox-swagger-common\3.0.0-SNAPSHOT\springfox-swagger-common-3.0.0-SNAPSHOT.jar;C:\Users\Paulo\.m2\repository\io\swagger\core\v3\swagger-annotations\2.1.2\swagger-annotations-2.1.2.jar;C:\Users\Paulo\.m2\repository\io\springfox\springfox-spring-web\3.0.0-SNAPSHOT\springfox-spring-web-3.0.0-SNAPSHOT.jar;C:\Users\Paulo\.m2\repository\io\github\classgraph\classgraph\4.8.83\classgraph-4.8.83.jar;C:\Users\Paulo\.m2\repository\io\springfox\springfox-spring-webflux\3.0.0-SNAPSHOT\springfox-spring-webflux-3.0.0-SNAPSHOT.jar;C:\Users\Paulo\.m2\repository\com\fasterxml\classmate\1.5.1\classmate-1.5.1.jar;C:\Users\Paulo\.m2\repository\org\slf4j\slf4j-api\1.7.30\slf4j-api-1.7.30.jar;C:\Users\Paulo\.m2\repository\org\springframework\plugin\spring-plugin-core\2.0.0.RELEASE\spring-plugin-core-2.0.0.RELEASE.jar;C:\Users\Paulo\.m2\repository\org\springframework\plugin\spring-plugin-metadata\2.0.0.RELEASE\spring-plugin-metadata-2.0.0.RELEASE.jar;C:\Users\Paulo\.m2\repository\io\swagger\swagger-annotations\1.5.20\swagger-annotations-1.5.20.jar;C:\Users\Paulo\.m2\repository\io\swagger\swagger-models\1.5.20\swagger-models-1.5.20.jar;C:\Users\Paulo\.m2\repository\org\mapstruct\mapstruct\1.3.1.Final\mapstruct-1.3.1.Final.jar;C:\Users\Paulo\.m2\repository\javax\validation\validation-api\1.1.0.Final\validation-api-1.1.0.Final.jar;C:\Users\Paulo\.m2\repository\org\apache\commons\commons-lang3\3.11\commons-lang3-3.11.jar;C:\Users\Paulo\.m2\repository\junit\junit\4.13.1\junit-4.13.1.jar;C:\Users\Paulo\.m2\repository\org\hamcrest\hamcrest-core\2.2\hamcrest-core-2.2.jar;"/>
    <property name="sun.cpu.endian" value="little"/>
    <property name="user.home" value="C:\Users\Paulo"/>
    <property name="user.language" value="pt"/>
    <property name="java.specification.vendor" value="Oracle Corporation"/>
    <property name="java.version.date" value="2020-07-14"/>
    <property name="java.home" value="C:\Program Files\Java\jdk-11.0.8"/>
    <property name="file.separator" value="\"/>
    <property name="basedir" value="D:\goku"/>
    <property name="java.vm.compressedOopsMode" value="Zero based"/>
    <property name="line.separator" value="&#10;"/>
    <property name="java.specification.name" value="Java Platform API Specification"/>
    <property name="java.vm.specification.vendor" value="Oracle Corporation"/>
    <property name="java.awt.graphicsenv" value="sun.awt.Win32GraphicsEnvironment"/>
    <property name="surefire.real.class.path" value="C:\Users\Paulo\AppData\Local\Temp\surefire7663971357943852338\surefirebooter12256965789641231842.jar"/>
    <property name="user.script" value=""/>
    <property name="sun.management.compiler" value="HotSpot 64-Bit Tiered Compilers"/>
    <property name="java.runtime.version" value="11.0.8+10-LTS"/>
    <property name="user.name" value="Paulo"/>
    <property name="path.separator" value=";"/>
    <property name="os.version" value="10.0"/>
    <property name="java.runtime.name" value="Java(TM) SE Runtime Environment"/>
    <property name="file.encoding" value="Cp1252"/>
    <property name="java.vm.name" value="Java HotSpot(TM) 64-Bit Server VM"/>
    <property name="java.vendor.version" value="18.9"/>
    <property name="localRepository" value="C:\Users\Paulo\.m2\repository"/>
    <property name="java.vendor.url.bug" value="https://bugreport.java.com/bugreport/"/>
    <property name="java.io.tmpdir" value="C:\Users\Paulo\AppData\Local\Temp\"/>
    <property name="java.version" value="11.0.8"/>
    <property name="user.dir" value="D:\goku"/>
    <property name="os.arch" value="amd64"/>
    <property name="java.vm.specification.name" value="Java Virtual Machine Specification"/>
    <property name="java.awt.printerjob" value="sun.awt.windows.WPrinterJob"/>
    <property name="sun.os.patch.level" value=""/>
    <property name="java.library.path" value="C:\Program Files\Java\jdk-11.0.8\bin;C:\Windows\Sun\Java\bin;C:\Windows\system32;C:\Windows;C:\Program Files\Common Files\Oracle\Java\javapath;C:\Program Files (x86)\Common Files\Oracle\Java\javapath;C:\Python38\Scripts\;C:\Python38\;C:\Windows\system32;C:\Windows;C:\Windows\System32\Wbem;C:\Windows\System32\WindowsPowerShell\v1.0\;D:\Git\Git\cmd;C:\Program Files\nodejs\;C:\ProgramData\chocolatey\bin;C:\opt\apache-maven-3.6.3\bin;C:\Users\Paulo\AppData\Local\Microsoft\WindowsApps;;D:\Microsoft VS Code\Microsoft VS Code\bin;C:\Users\Paulo\AppData\Roaming\npm;."/>
    <property name="java.vendor" value="Oracle Corporation"/>
    <property name="java.vm.info" value="mixed mode"/>
    <property name="java.vm.version" value="11.0.8+10-LTS"/>
    <property name="sun.io.unicode.encoding" value="UnicodeLittle"/>
    <property name="java.class.version" value="55.0"/>
  </properties>
  <testcase name="naoDeveCriarEnderecoPoisOCampoLogradouroNaoFoiFornecido" classname="test.controller.EnderecoControllerTest" time="0">
    <error type="java.lang.NullPointerException">java.lang.NullPointerException
	at test.controller.EnderecoControllerTest.setup(EnderecoControllerTest.java:65)
</error>
  </testcase>
  <testcase name="naoDeveEditarEnderecoPoisNaoFoiEncontrado" classname="test.controller.EnderecoControllerTest" time="0">
    <error type="java.lang.NullPointerException">java.lang.NullPointerException
	at test.controller.EnderecoControllerTest.setup(EnderecoControllerTest.java:65)
</error>
  </testcase>
  <testcase name="deveEditarEndereco" classname="test.controller.EnderecoControllerTest" time="0">
    <error type="java.lang.NullPointerException">java.lang.NullPointerException
	at test.controller.EnderecoControllerTest.setup(EnderecoControllerTest.java:65)
</error>
  </testcase>
  <testcase name="naoDeveCriarEnderecoPoisOCampoPaisNaoFoiFornecido" classname="test.controller.EnderecoControllerTest" time="0">
    <error type="java.lang.NullPointerException">java.lang.NullPointerException
	at test.controller.EnderecoControllerTest.setup(EnderecoControllerTest.java:65)
</error>
  </testcase>
  <testcase name="naoDeveEditarEnderecoPoisAsInformacoesNaoForamPreenchidos" classname="test.controller.EnderecoControllerTest" time="0">
    <error type="java.lang.NullPointerException">java.lang.NullPointerException
	at test.controller.EnderecoControllerTest.setup(EnderecoControllerTest.java:65)
</error>
  </testcase>
  <testcase name="naoDeveCriarEnderecoPoisOCampoCEPFoiFornecidoComValorAcimaDoMaximo" classname="test.controller.EnderecoControllerTest" time="0">
    <error type="java.lang.NullPointerException">java.lang.NullPointerException
	at test.controller.EnderecoControllerTest.setup(EnderecoControllerTest.java:65)
</error>
  </testcase>
  <testcase name="naoDeveEditarPoisOCampoNumeroFoiFornecidoComValorAcimaDoMaximo" classname="test.controller.EnderecoControllerTest" time="0">
    <error type="java.lang.NullPointerException">java.lang.NullPointerException
	at test.controller.EnderecoControllerTest.setup(EnderecoControllerTest.java:65)
</error>
  </testcase>
  <testcase name="naoDeveCriarEnderecoPoisOCampoCEPFoiFornecidoComValorAbaixoDoMinimo" classname="test.controller.EnderecoControllerTest" time="0.001">
    <error type="java.lang.NullPointerException">java.lang.NullPointerException
	at test.controller.EnderecoControllerTest.setup(EnderecoControllerTest.java:65)
</error>
  </testcase>
  <testcase name="naoDeveEditarPoisOCampoNumeroFoiFornecidoComValorAbaixoDoMinimo" classname="test.controller.EnderecoControllerTest" time="0">
    <error type="java.lang.NullPointerException">java.lang.NullPointerException
	at test.controller.EnderecoControllerTest.setup(EnderecoControllerTest.java:65)
</error>
  </testcase>
  <testcase name="naoDeveCriarEnderecoPoisOCampoNumeroFoiFornecidoComValorCimaDoMaximo" classname="test.controller.EnderecoControllerTest" time="0">
    <error type="java.lang.NullPointerException">java.lang.NullPointerException
	at test.controller.EnderecoControllerTest.setup(EnderecoControllerTest.java:65)
</error>
  </testcase>
  <testcase name="naoDeveCriarEnderecoPoisOCampoEstadoNaoFoiFornecido" classname="test.controller.EnderecoControllerTest" time="0">
    <error type="java.lang.NullPointerException">java.lang.NullPointerException
	at test.controller.EnderecoControllerTest.setup(EnderecoControllerTest.java:65)
</error>
  </testcase>
  <testcase name="naoDeveBuscarPorCEPPoisEnderecoNaoFoiEncontrado" classname="test.controller.EnderecoControllerTest" time="0">
    <error type="java.lang.NullPointerException">java.lang.NullPointerException
	at test.controller.EnderecoControllerTest.setup(EnderecoControllerTest.java:65)
</error>
  </testcase>
  <testcase name="deveListarTodosEnderecos" classname="test.controller.EnderecoControllerTest" time="0">
    <error type="java.lang.NullPointerException">java.lang.NullPointerException
	at test.controller.EnderecoControllerTest.setup(EnderecoControllerTest.java:65)
</error>
  </testcase>
  <testcase name="naoDeveCriarEnderecoPoisOCampoNumeroNaoFoiFornecido" classname="test.controller.EnderecoControllerTest" time="0">
    <error type="java.lang.NullPointerException">java.lang.NullPointerException
	at test.controller.EnderecoControllerTest.setup(EnderecoControllerTest.java:65)
</error>
  </testcase>
  <testcase name="deveCriarEndereco" classname="test.controller.EnderecoControllerTest" time="0">
    <error type="java.lang.NullPointerException">java.lang.NullPointerException
	at test.controller.EnderecoControllerTest.setup(EnderecoControllerTest.java:65)
</error>
  </testcase>
  <testcase name="naoDeveCriarEnderecoPoisOCampoCidadeNaoFoiFornecido" classname="test.controller.EnderecoControllerTest" time="0">
    <error type="java.lang.NullPointerException">java.lang.NullPointerException
	at test.controller.EnderecoControllerTest.setup(EnderecoControllerTest.java:65)
</error>
  </testcase>
  <testcase name="naoDeveCriarEnderecoPoisOCampoBairroNaoFoiFornecido" classname="test.controller.EnderecoControllerTest" time="0">
    <error type="java.lang.NullPointerException">java.lang.NullPointerException
	at test.controller.EnderecoControllerTest.setup(EnderecoControllerTest.java:65)
</error>
  </testcase>
  <testcase name="deveRetornarInternalServerError" classname="test.controller.EnderecoControllerTest" time="0">
    <error type="java.lang.NullPointerException">java.lang.NullPointerException
	at test.controller.EnderecoControllerTest.setup(EnderecoControllerTest.java:65)
</error>
  </testcase>
  <testcase name="naoDeveCriarEnderecoPoisJaExiste" classname="test.controller.EnderecoControllerTest" time="0">
    <error type="java.lang.NullPointerException">java.lang.NullPointerException
	at test.controller.EnderecoControllerTest.setup(EnderecoControllerTest.java:65)
</error>
  </testcase>
  <testcase name="deveDeletarEndereco" classname="test.controller.EnderecoControllerTest" time="0">
    <error type="java.lang.NullPointerException">java.lang.NullPointerException
	at test.controller.EnderecoControllerTest.setup(EnderecoControllerTest.java:65)
</error>
  </testcase>
  <testcase name="naoDeveCriarEnderecoPoisOCampoCEPNaoFoiFornecido" classname="test.controller.EnderecoControllerTest" time="0">
    <error type="java.lang.NullPointerException">java.lang.NullPointerException
	at test.controller.EnderecoControllerTest.setup(EnderecoControllerTest.java:65)
</error>
  </testcase>
  <testcase name="naoDeveDeletarEnderecoPoisEnderecoNaoFoiEncontrado" classname="test.controller.EnderecoControllerTest" time="0">
    <error type="java.lang.NullPointerException">java.lang.NullPointerException
	at test.controller.EnderecoControllerTest.setup(EnderecoControllerTest.java:65)
</error>
  </testcase>
  <testcase name="deveBuscarPorCEP" classname="test.controller.EnderecoControllerTest" time="0">
    <error type="java.lang.NullPointerException">java.lang.NullPointerException
	at test.controller.EnderecoControllerTest.setup(EnderecoControllerTest.java:65)
</error>
  </testcase>
  <testcase name="naoDeveCriarEnderecoPoisOCampoNumeroFoiFornecidoComValorAbaixoDoMinimo" classname="test.controller.EnderecoControllerTest" time="0">
    <error type="java.lang.NullPointerException">java.lang.NullPointerException
	at test.controller.EnderecoControllerTest.setup(EnderecoControllerTest.java:65)
</error>
  </testcase>
</testsuite>